[09/04/25 10:34:47:501][110112][A]:(00000004): RtcConnectionImpl::initializeEx(this:0x73d8b4265780, serviceCfg:(enableAudioProcessor:1, enableAudioDevice:0, enableVideo:1, context:(nil)), cfg:(autoSubscribeAudio:0, autoSubscribeVideo:0, enableAudioRecordingOrPlayout:0, maxSendBitrate:-1, minPort:0, maxPort:0, clientRoleType:2, clientType:0, channelProfile:1, vosList.size:0, recvType:(audio: 0, video: 0)))
[09/04/25 10:34:47:506][110112][A]:(00000005):   LegacyEventProxy::onClientRoleChanged->onChangeRoleSuccess(this:0x5d24c5703fb0, oldRole:2, newRole:1, newRoleLatencyLevel:2)
[09/04/25 10:34:47:553][110112][A]:(00000006):   RtcConnectionImpl::getUserRole(this:0x73d8b4265780, void)
[09/04/25 10:34:47:557][110112][A]:(00000007):   RtcConnectionImpl::subscribeReceivePacketHandler(this:0x73d8b4265780, void)
[09/04/25 10:34:47:558][110093][A]:(00000008): RtcConnectionImpl::registerObserver(this:0x73d8b4265780, observer:0x5d24c56f1ec0)
[09/04/25 10:34:47:559][110093][A]:(00000009): LocalUserImpl::registerLocalUserObserver(this:0x73d8b433d550, observer:0x5d24c5616610)
[09/04/25 10:34:47:559][110093][A]:(00000010): LocalUserImpl::subscribeAllAudio(this:0x73d8b433d550, void)
[09/04/25 10:34:47:560][110093][A]:(00000011): LocalUserImpl::subscribeAllVideo(this:0x73d8b433d550, subscriptionOptions:(type:0, encodedFrameOnly:-1))
[09/04/25 10:34:47:560][110112][A]:(00000012): RtcConnectionImpl::setRemoteDefaultVideoStreamType(this:0x73d8b4265780, type:0)
[09/04/25 10:34:47:560][110093][A]:(00000013): LocalUserImpl::setPlaybackAudioFrameBeforeMixingParameters(this:0x73d8b433d550, numberOfChannels:1, sampleRateHz:16000, samplesPerCall:0)
[09/04/25 10:34:47:560][110093][A]:(00000014): RtcConnectionImpl::connect(this:0x73d8b4265780, token:"0****=", channelId:"JS_TEST", userId:"")
[09/04/25 10:34:47:567][110112][A]:(00000015): RtcConnectionImpl::stopLastmileProbeTest(this:0x73d8b4265780, void)
[09/04/25 10:34:47:570][110112][A]:(00000016): RtcConnectionImpl::setConnectionState(this:0x73d8b4265780, state: 2)
[09/04/25 10:34:47:571][110112][A]:(00000017): LegacyEventProxy::onConnectionStateChanged->onConnecting(this:0x5d24c5703fb0, channel:"JS_TEST", userId:"", reason:0)
[09/04/25 10:34:47:635][110112][A]:(00000018): LegacyEventProxy::onRequestToken->onTokenPrivilegeDidExpire(this:0x5d24c5703fb0, void)
[09/04/25 10:34:47:635][110112][A]:(00000019): RtcConnectionImpl::setConnectionState(this:0x73d8b4265780, state: 5)
[09/04/25 10:34:47:635][110112][A]:(00000020): LegacyEventProxy::onConnectionStateChanged->onConnectionFailure(this:0x5d24c5703fb0, channel:"JS_TEST", userId:"", reason:8)
[09/04/25 10:35:17:618][110093][A]:(00000021): RtcConnectionImpl::unregisterObserver(this:0x73d8b4265780, observer:0x5d24c56f1ec0)
[09/04/25 10:35:17:618][110093][A]:(00000022): LocalUserImpl::unregisterAudioFrameObserver(this:0x73d8b433d550, observer:0x5d24c56dc0f0)
[09/04/25 10:35:17:618][110093][A]:(00000023): RtcConnectionImpl::disconnect(this:0x73d8b4265780, void)
[09/04/25 10:35:17:618][110093][A]:(00000024): LocalUserImpl::unregisterLocalUserObserver(this:0x73d8b433d550, observer:0x5d24c5616610)
[09/04/25 10:35:17:619][110112][A]:(00000025): RtcConnectionImpl::setConnectionState(this:0x73d8b4265780, state: 1)
[09/04/25 10:35:17:619][110112][A]:(00000026): LegacyEventProxy::onConnectionStateChanged->onDisconnected(this:0x5d24c5703fb0, channel:"JS_TEST", userId:"", reason:5)
[09/04/25 10:35:17:619][110093][A]:(00000027): AgoraService::release(this:0x73d8b4001ca0, void)
[09/04/25 10:35:17:619][110112][A]:(00000028): RtcConnectionImpl::unsubscribeReceivePacketHandler(this:0x73d8b4265780, void)
[09/04/25 10:35:17:621][110112][A]:(00000029): RtcConnectionImpl::stopService(this:0x73d8b4265780, waitForAll:0)
[09/04/25 10:35:17:621][110112][A]:(00000030): AgoraService::~AgoraService(this:0x73d8b4001ca0, void)
[09/04/25 10:37:10:831][123989][A]:(00000004): RtcConnectionImpl::initializeEx(this:0x765f500697f0, serviceCfg:(enableAudioProcessor:1, enableAudioDevice:0, enableVideo:1, context:(nil)), cfg:(autoSubscribeAudio:0, autoSubscribeVideo:0, enableAudioRecordingOrPlayout:0, maxSendBitrate:-1, minPort:0, maxPort:0, clientRoleType:2, clientType:0, channelProfile:1, vosList.size:0, recvType:(audio: 0, video: 0)))
[09/04/25 10:37:10:832][123989][A]:(00000005):   LegacyEventProxy::onClientRoleChanged->onChangeRoleSuccess(this:0x61bb3e85dfb0, oldRole:2, newRole:1, newRoleLatencyLevel:2)
[09/04/25 10:37:10:834][123989][A]:(00000006):   RtcConnectionImpl::getUserRole(this:0x765f500697f0, void)
[09/04/25 10:37:10:836][123989][A]:(00000007):   RtcConnectionImpl::subscribeReceivePacketHandler(this:0x765f500697f0, void)
[09/04/25 10:37:10:836][123982][A]:(00000008): RtcConnectionImpl::registerObserver(this:0x765f500697f0, observer:0x61bb3e84bec0)
[09/04/25 10:37:10:841][123982][A]:(00000009): LocalUserImpl::registerLocalUserObserver(this:0x765f50340610, observer:0x61bb3e770610)
[09/04/25 10:37:10:841][123982][A]:(00000010): LocalUserImpl::subscribeAllAudio(this:0x765f50340610, void)
[09/04/25 10:37:10:841][123982][A]:(00000011): LocalUserImpl::subscribeAllVideo(this:0x765f50340610, subscriptionOptions:(type:0, encodedFrameOnly:-1))
[09/04/25 10:37:10:841][123989][A]:(00000012): RtcConnectionImpl::setRemoteDefaultVideoStreamType(this:0x765f500697f0, type:0)
[09/04/25 10:37:10:841][123982][A]:(00000013): LocalUserImpl::setPlaybackAudioFrameBeforeMixingParameters(this:0x765f50340610, numberOfChannels:1, sampleRateHz:16000, samplesPerCall:0)
[09/04/25 10:37:10:841][123982][A]:(00000014): RtcConnectionImpl::connect(this:0x765f500697f0, token:"0****=", channelId:"JS_TEST", userId:"")
[09/04/25 10:37:10:845][123989][A]:(00000015): RtcConnectionImpl::stopLastmileProbeTest(this:0x765f500697f0, void)
[09/04/25 10:37:10:847][123989][A]:(00000016): RtcConnectionImpl::setConnectionState(this:0x765f500697f0, state: 2)
[09/04/25 10:37:10:847][123989][A]:(00000017): LegacyEventProxy::onConnectionStateChanged->onConnecting(this:0x61bb3e85dfb0, channel:"JS_TEST", userId:"", reason:0)
[09/04/25 10:37:10:879][123989][A]:(00000018): LegacyEventProxy::onRequestToken->onTokenPrivilegeDidExpire(this:0x61bb3e85dfb0, void)
[09/04/25 10:37:10:880][123989][A]:(00000019): RtcConnectionImpl::setConnectionState(this:0x765f500697f0, state: 5)
[09/04/25 10:37:10:880][123989][A]:(00000020): LegacyEventProxy::onConnectionStateChanged->onConnectionFailure(this:0x61bb3e85dfb0, channel:"JS_TEST", userId:"", reason:8)
[09/04/25 10:37:40:906][123982][A]:(00000021): RtcConnectionImpl::unregisterObserver(this:0x765f500697f0, observer:0x61bb3e84bec0)
[09/04/25 10:37:40:906][123982][A]:(00000022): LocalUserImpl::unregisterAudioFrameObserver(this:0x765f50340610, observer:0x61bb3e8360f0)
[09/04/25 10:37:40:906][123982][A]:(00000023): RtcConnectionImpl::disconnect(this:0x765f500697f0, void)
[09/04/25 10:37:40:906][123982][A]:(00000024): LocalUserImpl::unregisterLocalUserObserver(this:0x765f50340610, observer:0x61bb3e770610)
[09/04/25 10:37:40:906][123989][A]:(00000025): RtcConnectionImpl::setConnectionState(this:0x765f500697f0, state: 1)
[09/04/25 10:37:40:906][123989][A]:(00000026): LegacyEventProxy::onConnectionStateChanged->onDisconnected(this:0x61bb3e85dfb0, channel:"JS_TEST", userId:"", reason:5)
[09/04/25 10:37:40:907][123982][A]:(00000027): AgoraService::release(this:0x765f50001ca0, void)
[09/04/25 10:37:40:907][123989][A]:(00000028): RtcConnectionImpl::unsubscribeReceivePacketHandler(this:0x765f500697f0, void)
[09/04/25 10:37:40:908][123989][A]:(00000029): RtcConnectionImpl::stopService(this:0x765f500697f0, waitForAll:0)
[09/04/25 10:37:40:908][123989][A]:(00000030): AgoraService::~AgoraService(this:0x765f50001ca0, void)
[09/04/25 10:43:43:249][125558][A]:(00000004): RtcConnectionImpl::initializeEx(this:0x7043d8070520, serviceCfg:(enableAudioProcessor:1, enableAudioDevice:0, enableVideo:1, context:(nil)), cfg:(autoSubscribeAudio:0, autoSubscribeVideo:0, enableAudioRecordingOrPlayout:0, maxSendBitrate:-1, minPort:0, maxPort:0, clientRoleType:2, clientType:0, channelProfile:1, vosList.size:0, recvType:(audio: 0, video: 0)))
[09/04/25 10:43:43:250][125558][A]:(00000005):   LegacyEventProxy::onClientRoleChanged->onChangeRoleSuccess(this:0x62013ad38fb0, oldRole:2, newRole:1, newRoleLatencyLevel:2)
[09/04/25 10:43:43:252][125558][A]:(00000006):   RtcConnectionImpl::getUserRole(this:0x7043d8070520, void)
[09/04/25 10:43:43:255][125558][A]:(00000007):   RtcConnectionImpl::subscribeReceivePacketHandler(this:0x7043d8070520, void)
[09/04/25 10:43:43:256][125557][A]:(00000008): RtcConnectionImpl::registerObserver(this:0x7043d8070520, observer:0x62013ad26ec0)
[09/04/25 10:43:43:258][125557][A]:(00000009): LocalUserImpl::registerLocalUserObserver(this:0x7043d835edc0, observer:0x62013ac4b610)
[09/04/25 10:43:43:258][125557][A]:(00000010): LocalUserImpl::subscribeAllAudio(this:0x7043d835edc0, void)
[09/04/25 10:43:43:258][125557][A]:(00000011): LocalUserImpl::subscribeAllVideo(this:0x7043d835edc0, subscriptionOptions:(type:0, encodedFrameOnly:-1))
[09/04/25 10:43:43:259][125558][A]:(00000012): RtcConnectionImpl::setRemoteDefaultVideoStreamType(this:0x7043d8070520, type:0)
[09/04/25 10:43:43:259][125557][A]:(00000013): LocalUserImpl::setPlaybackAudioFrameBeforeMixingParameters(this:0x7043d835edc0, numberOfChannels:1, sampleRateHz:16000, samplesPerCall:0)
[09/04/25 10:43:43:259][125557][A]:(00000014): RtcConnectionImpl::connect(this:0x7043d8070520, token:"0****=", channelId:"JS_TEST", userId:"")
[09/04/25 10:43:43:263][125558][A]:(00000015): RtcConnectionImpl::stopLastmileProbeTest(this:0x7043d8070520, void)
[09/04/25 10:43:43:264][125558][A]:(00000016): RtcConnectionImpl::setConnectionState(this:0x7043d8070520, state: 2)
[09/04/25 10:43:43:264][125558][A]:(00000017): LegacyEventProxy::onConnectionStateChanged->onConnecting(this:0x62013ad38fb0, channel:"JS_TEST", userId:"", reason:0)
[09/04/25 10:43:43:301][125558][A]:(00000018): LegacyEventProxy::onRequestToken->onTokenPrivilegeDidExpire(this:0x62013ad38fb0, void)
[09/04/25 10:43:43:302][125558][A]:(00000019): RtcConnectionImpl::setConnectionState(this:0x7043d8070520, state: 5)
[09/04/25 10:43:43:302][125558][A]:(00000020): LegacyEventProxy::onConnectionStateChanged->onConnectionFailure(this:0x62013ad38fb0, channel:"JS_TEST", userId:"", reason:8)
[09/04/25 10:44:43:317][125557][A]:(00000021): RtcConnectionImpl::unregisterObserver(this:0x7043d8070520, observer:0x62013ad26ec0)
[09/04/25 10:44:43:317][125557][A]:(00000022): LocalUserImpl::unregisterAudioFrameObserver(this:0x7043d835edc0, observer:0x62013ad110f0)
[09/04/25 10:44:43:317][125557][A]:(00000023): RtcConnectionImpl::disconnect(this:0x7043d8070520, void)
[09/04/25 10:44:43:317][125557][A]:(00000024): LocalUserImpl::unregisterLocalUserObserver(this:0x7043d835edc0, observer:0x62013ac4b610)
[09/04/25 10:44:43:318][125558][A]:(00000025): RtcConnectionImpl::setConnectionState(this:0x7043d8070520, state: 1)
[09/04/25 10:44:43:318][125558][A]:(00000026): LegacyEventProxy::onConnectionStateChanged->onDisconnected(this:0x62013ad38fb0, channel:"JS_TEST", userId:"", reason:5)
[09/04/25 10:44:43:319][125557][A]:(00000027): AgoraService::release(this:0x7043d8001ca0, void)
[09/04/25 10:44:43:319][125558][A]:(00000028): RtcConnectionImpl::unsubscribeReceivePacketHandler(this:0x7043d8070520, void)
[09/04/25 10:44:43:320][125558][A]:(00000029): RtcConnectionImpl::stopService(this:0x7043d8070520, waitForAll:0)
[09/04/25 10:44:43:321][125558][A]:(00000030): AgoraService::~AgoraService(this:0x7043d8001ca0, void)
[09/04/25 10:49:37:431][126068][A]:(00000004): RtcConnectionImpl::initializeEx(this:0x7c56ac069020, serviceCfg:(enableAudioProcessor:1, enableAudioDevice:0, enableVideo:1, context:(nil)), cfg:(autoSubscribeAudio:0, autoSubscribeVideo:0, enableAudioRecordingOrPlayout:0, maxSendBitrate:-1, minPort:0, maxPort:0, clientRoleType:2, clientType:0, channelProfile:1, vosList.size:0, recvType:(audio: 0, video: 0)))
[09/04/25 10:49:37:432][126068][A]:(00000005):   LegacyEventProxy::onClientRoleChanged->onChangeRoleSuccess(this:0x61c40c850fb0, oldRole:2, newRole:1, newRoleLatencyLevel:2)
[09/04/25 10:49:37:434][126068][A]:(00000006):   RtcConnectionImpl::getUserRole(this:0x7c56ac069020, void)
[09/04/25 10:49:37:435][126068][A]:(00000007):   RtcConnectionImpl::subscribeReceivePacketHandler(this:0x7c56ac069020, void)
[09/04/25 10:49:37:435][126067][A]:(00000008): RtcConnectionImpl::registerObserver(this:0x7c56ac069020, observer:0x61c40c83eec0)
[09/04/25 10:49:37:440][126067][A]:(00000009): LocalUserImpl::registerLocalUserObserver(this:0x7c56ac34ae20, observer:0x61c40c763610)
[09/04/25 10:49:37:440][126067][A]:(00000010): LocalUserImpl::subscribeAllAudio(this:0x7c56ac34ae20, void)
[09/04/25 10:49:37:440][126067][A]:(00000011): LocalUserImpl::subscribeAllVideo(this:0x7c56ac34ae20, subscriptionOptions:(type:0, encodedFrameOnly:-1))
[09/04/25 10:49:37:440][126068][A]:(00000012): RtcConnectionImpl::setRemoteDefaultVideoStreamType(this:0x7c56ac069020, type:0)
[09/04/25 10:49:37:441][126067][A]:(00000013): LocalUserImpl::setPlaybackAudioFrameBeforeMixingParameters(this:0x7c56ac34ae20, numberOfChannels:1, sampleRateHz:16000, samplesPerCall:0)
[09/04/25 10:49:37:441][126067][A]:(00000014): RtcConnectionImpl::connect(this:0x7c56ac069020, token:"0****Q", channelId:"JS_TEST", userId:"")
[09/04/25 10:49:37:443][126068][A]:(00000015): RtcConnectionImpl::stopLastmileProbeTest(this:0x7c56ac069020, void)
[09/04/25 10:49:37:444][126068][A]:(00000016): RtcConnectionImpl::setConnectionState(this:0x7c56ac069020, state: 2)
[09/04/25 10:49:37:444][126068][A]:(00000017): LegacyEventProxy::onConnectionStateChanged->onConnecting(this:0x61c40c850fb0, channel:"JS_TEST", userId:"", reason:0)
[09/04/25 10:49:37:466][126068][A]:(00000018): LegacyEventProxy::onRequestToken->onTokenPrivilegeDidExpire(this:0x61c40c850fb0, void)
[09/04/25 10:49:37:466][126068][A]:(00000019): RtcConnectionImpl::setConnectionState(this:0x7c56ac069020, state: 5)
[09/04/25 10:49:37:466][126068][A]:(00000020): LegacyEventProxy::onConnectionStateChanged->onConnectionFailure(this:0x61c40c850fb0, channel:"JS_TEST", userId:"", reason:8)
[09/04/25 10:50:37:527][126067][A]:(00000021): RtcConnectionImpl::unregisterObserver(this:0x7c56ac069020, observer:0x61c40c83eec0)
[09/04/25 10:50:37:528][126067][A]:(00000022): LocalUserImpl::unregisterAudioFrameObserver(this:0x7c56ac34ae20, observer:0x61c40c8290f0)
[09/04/25 10:50:37:529][126067][A]:(00000023): RtcConnectionImpl::disconnect(this:0x7c56ac069020, void)
[09/04/25 10:50:37:529][126067][A]:(00000024): LocalUserImpl::unregisterLocalUserObserver(this:0x7c56ac34ae20, observer:0x61c40c763610)
[09/04/25 10:50:37:532][126068][A]:(00000025): RtcConnectionImpl::setConnectionState(this:0x7c56ac069020, state: 1)
[09/04/25 10:50:37:532][126068][A]:(00000026): LegacyEventProxy::onConnectionStateChanged->onDisconnected(this:0x61c40c850fb0, channel:"JS_TEST", userId:"", reason:5)
[09/04/25 10:50:37:534][126067][A]:(00000027): AgoraService::release(this:0x7c56ac001ca0, void)
[09/04/25 10:50:37:534][126068][A]:(00000028): RtcConnectionImpl::unsubscribeReceivePacketHandler(this:0x7c56ac069020, void)
[09/04/25 10:50:37:536][126068][A]:(00000029): RtcConnectionImpl::stopService(this:0x7c56ac069020, waitForAll:0)
[09/04/25 10:50:37:537][126068][A]:(00000030): AgoraService::~AgoraService(this:0x7c56ac001ca0, void)
[09/04/25 10:55:43:626][126527][A]:(00000004): RtcConnectionImpl::initializeEx(this:0x7c82a0272d30, serviceCfg:(enableAudioProcessor:1, enableAudioDevice:0, enableVideo:1, context:(nil)), cfg:(autoSubscribeAudio:0, autoSubscribeVideo:0, enableAudioRecordingOrPlayout:0, maxSendBitrate:-1, minPort:0, maxPort:0, clientRoleType:2, clientType:0, channelProfile:1, vosList.size:0, recvType:(audio: 0, video: 0)))
[09/04/25 10:55:43:628][126527][A]:(00000005):   LegacyEventProxy::onClientRoleChanged->onChangeRoleSuccess(this:0x5aa8058e7fb0, oldRole:2, newRole:1, newRoleLatencyLevel:2)
[09/04/25 10:55:43:630][126527][A]:(00000006):   RtcConnectionImpl::getUserRole(this:0x7c82a0272d30, void)
[09/04/25 10:55:43:632][126527][A]:(00000007):   RtcConnectionImpl::subscribeReceivePacketHandler(this:0x7c82a0272d30, void)
[09/04/25 10:55:43:632][126526][A]:(00000008): RtcConnectionImpl::registerObserver(this:0x7c82a0272d30, observer:0x5aa8058d5ec0)
[09/04/25 10:55:43:634][126526][A]:(00000009): LocalUserImpl::registerLocalUserObserver(this:0x7c82a034a800, observer:0x5aa8057fa610)
[09/04/25 10:55:43:635][126526][A]:(00000010): LocalUserImpl::subscribeAllAudio(this:0x7c82a034a800, void)
[09/04/25 10:55:43:635][126526][A]:(00000011): LocalUserImpl::subscribeAllVideo(this:0x7c82a034a800, subscriptionOptions:(type:0, encodedFrameOnly:-1))
[09/04/25 10:55:43:635][126527][A]:(00000012): RtcConnectionImpl::setRemoteDefaultVideoStreamType(this:0x7c82a0272d30, type:0)
[09/04/25 10:55:43:635][126526][A]:(00000013): LocalUserImpl::setPlaybackAudioFrameBeforeMixingParameters(this:0x7c82a034a800, numberOfChannels:1, sampleRateHz:16000, samplesPerCall:0)
[09/04/25 10:55:43:635][126526][A]:(00000014): RtcConnectionImpl::connect(this:0x7c82a0272d30, token:"0****D", channelId:"JS_TEST", userId:"")
[09/04/25 10:55:43:640][126527][A]:(00000015): RtcConnectionImpl::stopLastmileProbeTest(this:0x7c82a0272d30, void)
[09/04/25 10:55:43:641][126527][A]:(00000016): RtcConnectionImpl::setConnectionState(this:0x7c82a0272d30, state: 2)
[09/04/25 10:55:43:641][126527][A]:(00000017): LegacyEventProxy::onConnectionStateChanged->onConnecting(this:0x5aa8058e7fb0, channel:"JS_TEST", userId:"", reason:0)
[09/04/25 10:55:43:669][126527][A]:(00000018): LegacyEventProxy::onRequestToken->onTokenPrivilegeDidExpire(this:0x5aa8058e7fb0, void)
[09/04/25 10:55:43:669][126527][A]:(00000019): RtcConnectionImpl::setConnectionState(this:0x7c82a0272d30, state: 5)
[09/04/25 10:55:43:669][126527][A]:(00000020): LegacyEventProxy::onConnectionStateChanged->onConnectionFailure(this:0x5aa8058e7fb0, channel:"JS_TEST", userId:"", reason:8)
[09/04/25 10:56:43:737][126526][A]:(00000021): RtcConnectionImpl::unregisterObserver(this:0x7c82a0272d30, observer:0x5aa8058d5ec0)
[09/04/25 10:56:43:737][126526][A]:(00000022): LocalUserImpl::unregisterAudioFrameObserver(this:0x7c82a034a800, observer:0x5aa8058c00f0)
[09/04/25 10:56:43:738][126526][A]:(00000023): RtcConnectionImpl::disconnect(this:0x7c82a0272d30, void)
[09/04/25 10:56:43:738][126526][A]:(00000024): LocalUserImpl::unregisterLocalUserObserver(this:0x7c82a034a800, observer:0x5aa8057fa610)
[09/04/25 10:56:43:741][126527][A]:(00000025): RtcConnectionImpl::setConnectionState(this:0x7c82a0272d30, state: 1)
[09/04/25 10:56:43:741][126527][A]:(00000026): LegacyEventProxy::onConnectionStateChanged->onDisconnected(this:0x5aa8058e7fb0, channel:"JS_TEST", userId:"", reason:5)
[09/04/25 10:56:43:742][126526][A]:(00000027): AgoraService::release(this:0x7c82a0001ca0, void)
[09/04/25 10:56:43:743][126527][A]:(00000028): RtcConnectionImpl::unsubscribeReceivePacketHandler(this:0x7c82a0272d30, void)
[09/04/25 10:56:43:745][126527][A]:(00000029): RtcConnectionImpl::stopService(this:0x7c82a0272d30, waitForAll:0)
[09/04/25 10:56:43:746][126527][A]:(00000030): AgoraService::~AgoraService(this:0x7c82a0001ca0, void)
